2021-09-24 06:00:47,303-Image: 1357142719 Results: [('shower cap', 0.15234375)]
2021-09-24 06:00:47,785-Image: 1357143188 Results: [('oxygen mask', 0.11328125)]
2021-09-24 06:00:47,885-Image: 1357143230 Results: [('bathing cap, swimming cap', 0.125)]
2021-09-24 06:00:47,927-Image: 1357143332 Results: [('bathing cap, swimming cap', 0.31640625)]
2021-09-24 06:00:47,968-Image: 1357143374 Results: [('bathing cap, swimming cap', 0.43359375)]
2021-09-24 06:00:48,018-Image: 1357143421 Results: [('bathing cap, swimming cap', 0.12890625)]
2021-09-24 06:00:48,068-Image: 1357143463 Results: [('bathing cap, swimming cap', 0.12890625)]
2021-09-24 06:00:48,155-Image: 1357143550 Results: [('sunglasses, dark glasses, shades', 0.10546875)]
2021-09-24 06:00:48,210-Image: 1357143601 Results: [('sunglasses, dark glasses, shades', 0.19921875)]
2021-09-24 06:00:48,271-Image: 1357143656 Results: [('sunglasses, dark glasses, shades', 0.19140625)]
2021-09-24 06:00:48,319-Image: 1357143716 Results: [('sunglasses, dark glasses, shades', 0.265625), ('sunglass', 0.12109375)]
2021-09-24 06:00:48,382-Image: 1357143776 Results: [('sunglasses, dark glasses, shades', 0.23828125)]
2021-09-24 06:00:48,441-Image: 1357143828 Results: [('sunglasses, dark glasses, shades', 0.18359375), ('sunglass', 0.13671875)]
2021-09-24 06:00:48,492-Image: 1357143886 Results: [('sunglasses, dark glasses, shades', 0.203125), ('sunglass', 0.13671875)]
2021-09-24 06:00:48,555-Image: 1357143939 Results: [('sunglasses, dark glasses, shades', 0.2421875), ('sunglass', 0.12109375)]
2021-09-24 06:00:48,608-Image: 1357144002 Results: [('sunglasses, dark glasses, shades', 0.24609375), ('sunglass', 0.109375)]
2021-09-24 06:00:48,665-Image: 1357144058 Results: [('sunglasses, dark glasses, shades', 0.23828125), ('sunglass', 0.109375)]
2021-09-24 06:00:48,730-Image: 1357144109 Results: [('sunglasses, dark glasses, shades', 0.23828125)]
2021-09-24 06:00:48,822-Image: 1357144185 Results: [('sunglasses, dark glasses, shades', 0.16015625)]
2021-09-24 06:00:48,890-Image: 1357144268 Results: [('sunglasses, dark glasses, shades', 0.1484375)]
2021-09-24 06:00:48,966-Image: 1357144342 Results: [('sunglasses, dark glasses, shades', 0.1171875)]
2021-09-24 06:00:49,031-Image: 1357144417 Results: [('sunglasses, dark glasses, shades', 0.171875)]
2021-09-24 06:00:49,084-Image: 1357144477 Results: [('sunglasses, dark glasses, shades', 0.1328125)]
2021-09-24 06:00:49,251-Image: 1357144589 Results: [('sunglasses, dark glasses, shades', 0.16796875)]
2021-09-24 06:00:49,425-Image: 1357144723 Results: [('sunglasses, dark glasses, shades', 0.1953125)]
2021-09-24 06:00:49,472-Image: 1357144872 Results: [('sunglasses, dark glasses, shades', 0.16796875)]
2021-09-24 06:00:49,518-Image: 1357144916 Results: [('ice lolly, lolly, lollipop, popsicle', 0.1171875), ('sunglasses, dark glasses, shades', 0.10546875)]
2021-09-24 06:00:49,613-Image: 1357144964 Results: [('sunglasses, dark glasses, shades', 0.1484375), ('ice lolly, lolly, lollipop, popsicle', 0.109375)]
2021-09-24 06:00:49,664-Image: 1357145058 Results: [('sunglasses, dark glasses, shades', 0.11328125)]
2021-09-24 06:00:49,753-Image: 1357145112 Results: [('sunglasses, dark glasses, shades', 0.171875)]
2021-09-24 06:00:49,882-Image: 1357145216 Results: [('sunglasses, dark glasses, shades', 0.13671875)]
2021-09-24 06:00:50,024-Image: 1357145345 Results: [('sunglasses, dark glasses, shades', 0.171875)]
2021-09-24 06:00:50,134-Image: 1357145475 Results: [('sunglasses, dark glasses, shades', 0.1171875)]
2021-09-24 06:00:50,205-Image: 1357145578 Results: [('sunglasses, dark glasses, shades', 0.1796875)]
2021-09-24 06:00:50,258-Image: 1357145654 Results: [('sunglasses, dark glasses, shades', 0.1328125)]
2021-09-24 06:00:50,329-Image: 1357145710 Results: [('sunglasses, dark glasses, shades', 0.1484375)]
2021-09-24 06:00:50,386-Image: 1357145774 Results: [('sunglasses, dark glasses, shades', 0.15625)]
2021-09-24 06:00:50,452-Image: 1357145834 Results: [('sunglasses, dark glasses, shades', 0.23046875)]
2021-09-24 06:00:50,507-Image: 1357145896 Results: [('sunglasses, dark glasses, shades', 0.33984375), ('sunglass', 0.11328125)]
2021-09-24 06:00:50,573-Image: 1357145953 Results: [('sunglasses, dark glasses, shades', 0.26953125)]
2021-09-24 06:15:51,033-Image: 1358046426 Results: [('ice lolly, lolly, lollipop, popsicle', 0.11328125)]
2021-09-24 06:15:51,073-Image: 1358046478 Results: [('oxygen mask', 0.16015625)]
2021-09-24 06:15:51,112-Image: 1358046517 Results: [('oxygen mask', 0.1171875), ('ice lolly, lolly, lollipop, popsicle', 0.10546875)]
2021-09-24 06:15:51,151-Image: 1358046556 Results: [('oxygen mask', 0.1171875), ('ice lolly, lolly, lollipop, popsicle', 0.10546875)]
2021-09-24 06:15:51,220-Image: 1358046626 Results: [('ice lolly, lolly, lollipop, popsicle', 0.11328125), ('sunglasses, dark glasses, shades', 0.1015625)]
2021-09-24 06:15:51,258-Image: 1358046664 Results: [('sunglasses, dark glasses, shades', 0.109375)]
2021-09-24 06:15:51,321-Image: 1358046726 Results: [('oxygen mask', 0.12890625)]
2021-09-24 06:15:51,360-Image: 1358046764 Results: [('ice lolly, lolly, lollipop, popsicle', 0.1171875)]
2021-09-24 06:15:51,397-Image: 1358046803 Results: [('sunglasses, dark glasses, shades', 0.125)]
2021-09-24 06:15:51,461-Image: 1358046851 Results: [('ice lolly, lolly, lollipop, popsicle', 0.12890625)]
2021-09-24 06:15:51,508-Image: 1358046907 Results: [('ice lolly, lolly, lollipop, popsicle', 0.1328125)]
2021-09-24 06:15:51,579-Image: 1358046959 Results: [('ice lolly, lolly, lollipop, popsicle', 0.140625)]
2021-09-24 06:15:51,629-Image: 1358047023 Results: [('ice lolly, lolly, lollipop, popsicle', 0.1640625), ('oxygen mask', 0.1640625)]
2021-09-24 06:15:51,679-Image: 1358047075 Results: [('oxygen mask', 0.109375), ('ice lolly, lolly, lollipop, popsicle', 0.109375)]
2021-09-24 06:15:51,724-Image: 1358047124 Results: [('oxygen mask', 0.1640625)]
2021-09-24 06:15:51,769-Image: 1358047167 Results: [('ice lolly, lolly, lollipop, popsicle', 0.1171875), ('oxygen mask', 0.10546875)]
2021-09-24 06:15:51,817-Image: 1358047213 Results: [('ice lolly, lolly, lollipop, popsicle', 0.1015625)]
2021-09-24 06:15:51,862-Image: 1358047261 Results: [('sunglasses, dark glasses, shades', 0.1015625)]
2021-09-24 06:15:51,905-Image: 1358047307 Results: [('oxygen mask', 0.1640625), ('ice lolly, lolly, lollipop, popsicle', 0.1015625)]
2021-09-24 06:15:51,946-Image: 1358047349 Results: [('sunglasses, dark glasses, shades', 0.12109375)]
2021-09-24 06:15:52,030-Image: 1358047426 Results: [('oxygen mask', 0.1328125)]
2021-09-24 06:15:52,081-Image: 1358047475 Results: [('oxygen mask', 0.1484375)]
2021-09-24 06:15:52,137-Image: 1358047527 Results: [('ice lolly, lolly, lollipop, popsicle', 0.11328125)]
2021-09-24 06:15:52,192-Image: 1358047581 Results: [('ice lolly, lolly, lollipop, popsicle', 0.140625), ('oxygen mask', 0.1171875)]
2021-09-24 06:15:52,251-Image: 1358047637 Results: [('ice lolly, lolly, lollipop, popsicle', 0.15234375)]
2021-09-24 06:15:52,311-Image: 1358047696 Results: [('ice lolly, lolly, lollipop, popsicle', 0.10546875)]
2021-09-24 06:15:52,388-Image: 1358047767 Results: [('oxygen mask', 0.19140625)]
2021-09-24 06:15:52,491-Image: 1358047834 Results: [('sunglasses, dark glasses, shades', 0.15234375)]
2021-09-24 06:15:52,559-Image: 1358047936 Results: [('sunglasses, dark glasses, shades', 0.11328125)]
2021-09-24 06:15:52,618-Image: 1358048008 Results: [('sunglasses, dark glasses, shades', 0.13671875)]
2021-09-24 06:15:52,679-Image: 1358048064 Results: [('sunglasses, dark glasses, shades', 0.16015625)]
2021-09-24 06:15:52,737-Image: 1358048123 Results: [('sunglasses, dark glasses, shades', 0.1171875)]
2021-09-24 06:15:52,798-Image: 1358048183 Results: [('sunglasses, dark glasses, shades', 0.1484375)]
2021-09-24 06:15:52,846-Image: 1358048243 Results: [('sunglasses, dark glasses, shades', 0.125)]
2021-09-24 06:15:52,896-Image: 1358048293 Results: [('sunglasses, dark glasses, shades', 0.21875)]
2021-09-24 06:15:52,945-Image: 1358048339 Results: [('sunglasses, dark glasses, shades', 0.1328125)]
2021-09-24 06:15:52,987-Image: 1358048389 Results: [('sunglasses, dark glasses, shades', 0.125)]
2021-09-24 06:15:53,047-Image: 1358048433 Results: [('sunglasses, dark glasses, shades', 0.16015625)]
2021-09-24 06:15:53,100-Image: 1358048493 Results: [('sunglasses, dark glasses, shades', 0.16796875)]
2021-09-24 06:15:53,140-Image: 1358048544 Results: [('sunglasses, dark glasses, shades', 0.1640625)]
2021-09-24 06:15:53,181-Image: 1358048584 Results: [('sunglasses, dark glasses, shades', 0.16796875)]
2021-09-24 06:15:53,223-Image: 1358048624 Results: [('sunglasses, dark glasses, shades', 0.1796875)]
2021-09-24 06:15:53,315-Image: 1358048678 Results: [('sunglasses, dark glasses, shades', 0.20703125)]
2021-09-24 06:15:53,364-Image: 1358048760 Results: [('sunglasses, dark glasses, shades', 0.125)]
2021-09-24 06:15:53,406-Image: 1358048809 Results: [('sunglasses, dark glasses, shades', 0.203125)]
2021-09-24 06:15:53,447-Image: 1358048850 Results: [('sunglasses, dark glasses, shades', 0.16015625)]
2021-09-24 06:15:53,494-Image: 1358048891 Results: [('sunglasses, dark glasses, shades', 0.11328125)]
2021-09-24 06:19:46,443-Image: 1358281838 Results: [('sunglasses, dark glasses, shades', 0.1796875), ('harmonica, mouth organ, harp, mouth harp', 0.109375)]
2021-09-24 06:19:46,482-Image: 1358281887 Results: [('microphone, mike', 0.1171875)]
2021-09-24 06:19:46,522-Image: 1358281927 Results: [('sunglasses, dark glasses, shades', 0.13671875)]
2021-09-24 06:19:46,561-Image: 1358281966 Results: [('sunglasses, dark glasses, shades', 0.1484375)]
2021-09-24 06:19:46,599-Image: 1358282005 Results: [('sunglasses, dark glasses, shades', 0.203125)]
2021-09-24 06:19:46,637-Image: 1358282042 Results: [('sunglasses, dark glasses, shades', 0.234375)]
2021-09-24 06:19:46,678-Image: 1358282081 Results: [('sunglasses, dark glasses, shades', 0.14453125)]
2021-09-24 06:19:46,716-Image: 1358282121 Results: [('sunglasses, dark glasses, shades', 0.16015625)]
2021-09-24 06:19:46,758-Image: 1358282161 Results: [('sunglasses, dark glasses, shades', 0.109375)]
2021-09-24 06:19:46,833-Image: 1358282236 Results: [('sunglasses, dark glasses, shades', 0.109375)]
2021-09-24 06:19:46,870-Image: 1358282277 Results: [('sunglasses, dark glasses, shades', 0.1484375)]
2021-09-24 06:19:46,917-Image: 1358282314 Results: [('sunglasses, dark glasses, shades', 0.140625)]
2021-09-24 06:19:46,972-Image: 1358282363 Results: [('sunglasses, dark glasses, shades', 0.12109375)]
2021-09-24 06:19:47,015-Image: 1358282416 Results: [('sunglasses, dark glasses, shades', 0.1484375)]
2021-09-24 06:19:47,058-Image: 1358282459 Results: [('sunglasses, dark glasses, shades', 0.12109375)]
2021-09-24 06:19:47,171-Image: 1358282568 Results: [('sunglasses, dark glasses, shades', 0.1015625)]
2021-09-24 06:19:47,239-Image: 1358282636 Results: [('sunglasses, dark glasses, shades', 0.109375)]
2021-09-24 06:19:47,440-Image: 1358282836 Results: [('sunglasses, dark glasses, shades', 0.13671875)]
2021-09-24 06:19:47,489-Image: 1358282885 Results: [('sunglasses, dark glasses, shades', 0.12890625)]
2021-09-24 06:19:47,700-Image: 1358283099 Results: [('sunglasses, dark glasses, shades', 0.10546875)]
2021-09-24 06:19:47,752-Image: 1358283145 Results: [('oxygen mask', 0.125)]
2021-09-24 06:19:47,803-Image: 1358283197 Results: [('oxygen mask', 0.10546875)]
2021-09-24 06:19:47,852-Image: 1358283247 Results: [('sunglasses, dark glasses, shades', 0.1015625)]
2021-09-24 06:19:48,396-Image: 1358283799 Results: [('sunglasses, dark glasses, shades', 0.1015625)]
2021-09-24 06:19:48,463-Image: 1358283866 Results: [('sunglasses, dark glasses, shades', 0.1171875)]
2021-09-24 06:19:48,607-Image: 1358284004 Results: [('sunglasses, dark glasses, shades', 0.109375)]
2021-09-24 06:19:48,662-Image: 1358284067 Results: [('sunglasses, dark glasses, shades', 0.11328125)]
2021-09-24 06:19:48,699-Image: 1358284106 Results: [('sunglasses, dark glasses, shades', 0.109375)]
2021-09-24 06:19:48,736-Image: 1358284142 Results: [('sunglasses, dark glasses, shades', 0.11328125)]
2021-09-24 06:19:48,791-Image: 1358284199 Results: [('sunglasses, dark glasses, shades', 0.1015625)]
2021-09-24 06:19:48,827-Image: 1358284234 Results: [('sunglasses, dark glasses, shades', 0.109375)]
2021-09-24 06:19:48,989-Image: 1358284371 Results: [('sunglasses, dark glasses, shades', 0.1171875)]
2021-09-24 06:19:49,032-Image: 1358284438 Results: [('sunglasses, dark glasses, shades', 0.10546875)]
2021-09-24 06:19:49,071-Image: 1358284476 Results: [('sunglasses, dark glasses, shades', 0.1015625)]
2021-09-24 06:20:13,445-Image: 1358308843 Results: [('sunglasses, dark glasses, shades', 0.15234375)]
2021-09-24 06:20:13,488-Image: 1358308889 Results: [('sunglasses, dark glasses, shades', 0.1640625)]
2021-09-24 06:20:13,535-Image: 1358308932 Results: [('sunglasses, dark glasses, shades', 0.1484375)]
2021-09-24 06:20:13,586-Image: 1358308979 Results: [('sunglasses, dark glasses, shades', 0.140625)]
2021-09-24 06:20:13,636-Image: 1358309031 Results: [('sunglasses, dark glasses, shades', 0.19140625)]
2021-09-24 06:20:13,682-Image: 1358309080 Results: [('sunglasses, dark glasses, shades', 0.109375)]
2021-09-24 06:20:13,728-Image: 1358309126 Results: [('sunglasses, dark glasses, shades', 0.1171875)]
2021-09-24 06:20:13,773-Image: 1358309172 Results: [('sunglasses, dark glasses, shades', 0.1015625)]
2021-09-24 06:20:13,880-Image: 1358309272 Results: [('sunglasses, dark glasses, shades', 0.16015625)]
2021-09-24 06:20:13,930-Image: 1358309324 Results: [('sunglasses, dark glasses, shades', 0.11328125)]
2021-09-24 06:20:14,048-Image: 1358309439 Results: [('sunglasses, dark glasses, shades', 0.125)]
2021-09-24 06:20:14,093-Image: 1358309492 Results: [('sunglasses, dark glasses, shades', 0.12109375)]
2021-09-24 06:20:14,142-Image: 1358309539 Results: [('sunglasses, dark glasses, shades', 0.109375)]
2021-09-24 06:20:14,192-Image: 1358309586 Results: [('sunglasses, dark glasses, shades', 0.17578125)]
2021-09-24 06:20:14,242-Image: 1358309637 Results: [('sunglasses, dark glasses, shades', 0.18359375)]
2021-09-24 06:20:14,290-Image: 1358309687 Results: [('sunglasses, dark glasses, shades', 0.2421875)]
2021-09-24 06:20:14,340-Image: 1358309735 Results: [('sunglasses, dark glasses, shades', 0.17578125)]
2021-09-24 06:20:14,392-Image: 1358309785 Results: [('sunglasses, dark glasses, shades', 0.10546875)]
2021-09-24 06:20:14,441-Image: 1358309838 Results: [('sunglasses, dark glasses, shades', 0.15234375)]
2021-09-24 06:20:14,490-Image: 1358309886 Results: [('sunglasses, dark glasses, shades', 0.16015625)]
2021-09-24 06:20:14,540-Image: 1358309935 Results: [('sunglasses, dark glasses, shades', 0.1015625)]
2021-09-24 06:20:14,592-Image: 1358309985 Results: [('sunglasses, dark glasses, shades', 0.15625)]
2021-09-24 06:20:14,642-Image: 1358310037 Results: [('sunglasses, dark glasses, shades', 0.16015625)]
2021-09-24 06:20:14,708-Image: 1358310103 Results: [('sunglasses, dark glasses, shades', 0.14453125)]
2021-09-24 06:20:14,781-Image: 1358310171 Results: [('sunglasses, dark glasses, shades', 0.12890625)]
2021-09-24 06:20:14,881-Image: 1358310271 Results: [('sunglasses, dark glasses, shades', 0.1328125)]
2021-09-24 06:20:14,930-Image: 1358310326 Results: [('sunglasses, dark glasses, shades', 0.1171875)]
2021-09-24 06:20:14,980-Image: 1358310375 Results: [('sunglasses, dark glasses, shades', 0.13671875)]
2021-09-24 06:20:15,024-Image: 1358310424 Results: [('sunglasses, dark glasses, shades', 0.10546875)]
2021-09-24 06:20:15,081-Image: 1358310475 Results: [('sunglasses, dark glasses, shades', 0.1015625)]
2021-09-24 06:20:15,145-Image: 1358310538 Results: [('sunglasses, dark glasses, shades', 0.10546875)]
2021-09-24 06:20:15,195-Image: 1358310590 Results: [('sunglasses, dark glasses, shades', 0.15234375)]
2021-09-24 06:20:15,278-Image: 1358310671 Results: [('sunglasses, dark glasses, shades', 0.14453125)]
2021-09-24 06:20:15,328-Image: 1358310723 Results: [('sunglasses, dark glasses, shades', 0.140625)]
2021-09-24 06:20:15,376-Image: 1358310772 Results: [('sunglasses, dark glasses, shades', 0.11328125)]
2021-09-24 06:20:15,424-Image: 1358310820 Results: [('sunglasses, dark glasses, shades', 0.10546875)]
2021-09-24 06:20:15,475-Image: 1358310869 Results: [('sunglasses, dark glasses, shades', 0.1171875)]
2021-09-24 06:20:15,523-Image: 1358310920 Results: [('sunglasses, dark glasses, shades', 0.1875)]
2021-09-24 06:20:15,572-Image: 1358310968 Results: [('sunglasses, dark glasses, shades', 0.10546875)]
2021-09-24 06:20:15,622-Image: 1358311016 Results: [('sunglasses, dark glasses, shades', 0.1015625)]
2021-09-24 06:20:15,669-Image: 1358311066 Results: [('sunglasses, dark glasses, shades', 0.10546875)]
2021-09-24 06:20:15,743-Image: 1358311138 Results: [('sunglasses, dark glasses, shades', 0.11328125)]
2021-09-24 06:20:15,812-Image: 1358311203 Results: [('sunglasses, dark glasses, shades', 0.10546875)]
2021-09-24 06:20:15,863-Image: 1358311257 Results: [('sunglasses, dark glasses, shades', 0.12109375)]
